#
# There is insufficient memory for the Java Runtime Environment to continue.
# Native memory allocation (mmap) failed to map 260046848 bytes for G1 virtual space
# Possible reasons:
#   The system is out of physical RAM or swap space
#   The process is running with CompressedOops enabled, and the Java Heap may be blocking the growth of the native heap
# Possible solutions:
#   Reduce memory load on the system
#   Increase physical memory or swap space
#   Check if swap backing store is full
#   Decrease Java heap size (-Xmx/-Xms)
#   Decrease number of Java threads
#   Decrease Java thread stack sizes (-Xss)
#   Set larger code cache with -XX:ReservedCodeCacheSize=
#   JVM is running with Zero Based Compressed Oops mode in which the Java heap is
#     placed in the first 32GB address space. The Java Heap base address is the
#     maximum limit for the native heap growth. Please use -XX:HeapBaseMinAddress
#     to set the Java Heap base and to place the Java Heap above 32GB virtual address.
# This output file may be truncated or incomplete.
#
#  Out of Memory Error (os_windows.cpp:3532), pid=15796, tid=38044
#
# JRE version:  (17.0.2+8) (build )
# Java VM: OpenJDK 64-Bit Server VM (17.0.2+8, mixed mode, sharing, tiered, compressed oops, compressed class ptrs, g1 gc, windows-amd64)
# No core dump will be written. Minidumps are not enabled by default on client versions of Windows
#

---------------  S U M M A R Y ------------

Command Line: -Dfile.encoding=Cp1252 --module-path=C:\Users\96084\Desktop\POO\jogo da velha\bin -XX:+ShowCodeDetailsInExceptionMessages -Djdk.module.main=trabalho trabalho/uninter.Jogo

Host: 11th Gen Intel(R) Core(TM) i7-1185G7 @ 3.00GHz, 8 cores, 15G,  Windows 10 , 64 bit Build 19041 (10.0.19041.1348)
Time: Tue Apr 19 16:04:17 2022 Hora oficial do Brasil elapsed time: 0.033625 seconds (0d 0h 0m 0s)

---------------  T H R E A D  ---------------

Current thread (0x000001ff4964a540):  JavaThread "Unknown thread" [_thread_in_vm, id=38044, stack(0x000000a8dc800000,0x000000a8dc900000)]

Stack: [0x000000a8dc800000,0x000000a8dc900000]
Native frames: (J=compiled Java code, j=interpreted, Vv=VM code, C=native code)
V  [jvm.dll+0x67564a]
V  [jvm.dll+0x82fc04]
V  [jvm.dll+0x8313ae]
V  [jvm.dll+0x831a13]
V  [jvm.dll+0x245235]
V  [jvm.dll+0x672539]
V  [jvm.dll+0x666e82]
V  [jvm.dll+0x30401b]
V  [jvm.dll+0x30b566]
V  [jvm.dll+0x35b1fe]
V  [jvm.dll+0x35b42f]
V  [jvm.dll+0x2daf58]
V  [jvm.dll+0x2dbec4]
V  [jvm.dll+0x801881]
V  [jvm.dll+0x368f81]
V  [jvm.dll+0x7e0cdc]
V  [jvm.dll+0x3eb8bf]
V  [jvm.dll+0x3ed441]
C  [jli.dll+0x5277]
C  [ucrtbase.dll+0x21bb2]
C  [KERNEL32.DLL+0x17034]
C  [ntdll.dll+0x52651]


---------------  P R O C E S S  ---------------

Threads class SMR info:
_java_thread_list=0x00007ffeca195e98, length=0, elements={
}

Java Threads: ( => current thread )

Other Threads:
  0x000001ff65228bb0 GCTaskThread "GC Thread#0" [stack: 0x000000a8dc900000,0x000000a8dca00000] [id=34960]
  0x000001ff4968ebf0 ConcurrentGCThread "G1 Main Marker" [stack: 0x000000a8dca00000,0x000000a8dcb00000] [id=34360]
  0x000001ff6523d810 ConcurrentGCThread "G1 Conc#0" [stack: 0x000000a8dcb00000,0x000000a8dcc00000] [id=33592]

[error occurred during error reporting (printing all threads), id 0xc0000005, EXCEPTION_ACCESS_VIOLATION (0xc0000005) at pc=0x00007ffec996b9d7]

VM state: not at safepoint (not fully initialized)

VM Mutex/Monitor currently owned by a thread:  ([mutex/lock_event])
[0x000001ff49642a80] Heap_lock - owner thread: 0x000001ff4964a540

Heap address: 0x0000000709a00000, size: 3942 MB, Compressed Oops mode: Zero based, Oop shift amount: 3

CDS archive(s) mapped at: [0x0000000000000000-0x0000000000000000-0x0000000000000000), size 0, SharedBaseAddress: 0x0000000800000000, ArchiveRelocationMode: 0.
Narrow klass base: 0x0000000000000000, Narrow klass shift: 0, Narrow klass range: 0x0

GC Precious Log:
<Empty>

Heap:
 garbage-first heap   total 0K, used 0K [0x0000000709a00000, 0x0000000800000000)
  region size 2048K, 0 young (0K), 0 survivors (0K)

[error occurred during error reporting (printing heap information), id 0xc0000005, EXCEPTION_ACCESS_VIOLATION (0xc0000005) at pc=0x00007ffec9d4e899]

GC Heap History (0 events):
No events

Deoptimization events (0 events):
No events

Classes unloaded (0 events):
No events

Classes redefined (0 events):
No events

Internal exceptions (0 events):
No events

VM Operations (0 events):
No events

Events (1 events):
Event: 0.026 Loaded shared library C:\Users\96084\.p2\pool\plugins\org.eclipse.justj.openjdk.hotspot.jre.full.win32.x86_64_17.0.2.v20220201-1208\jre\bin\java.dll


Dynamic libraries:
0x00007ff6eeaf0000 - 0x00007ff6eeafe000 	C:\Users\96084\.p2\pool\plugins\org.eclipse.justj.openjdk.hotspot.jre.full.win32.x86_64_17.0.2.v20220201-1208\jre\bin\javaw.exe
0x00007fff59a50000 - 0x00007fff59c45000 	C:\Windows\SYSTEM32\ntdll.dll
0x00007fff59870000 - 0x00007fff5992e000 	C:\Windows\System32\KERNEL32.DLL
0x00007fff572f0000 - 0x00007fff575b8000 	C:\Windows\System32\KERNELBASE.dll
0x00007fff4eb80000 - 0x00007fff4ec10000 	C:\Windows\SYSTEM32\apphelp.dll
0x00007fff571f0000 - 0x00007fff572f0000 	C:\Windows\System32\ucrtbase.dll
0x00007fff31b90000 - 0x00007fff31ba9000 	C:\Users\96084\.p2\pool\plugins\org.eclipse.justj.openjdk.hotspot.jre.full.win32.x86_64_17.0.2.v20220201-1208\jre\bin\VCRUNTIME140.dll
0x00007fff31b70000 - 0x00007fff31b88000 	C:\Users\96084\.p2\pool\plugins\org.eclipse.justj.openjdk.hotspot.jre.full.win32.x86_64_17.0.2.v20220201-1208\jre\bin\jli.dll
0x00007fff57e90000 - 0x00007fff58031000 	C:\Windows\System32\USER32.dll
0x00007fff577b0000 - 0x00007fff577d2000 	C:\Windows\System32\win32u.dll
0x00007fff58810000 - 0x00007fff5883b000 	C:\Windows\System32\GDI32.dll
0x00007fff57650000 - 0x00007fff5775d000 	C:\Windows\System32\gdi32full.dll
0x00007fff577e0000 - 0x00007fff5787d000 	C:\Windows\System32\msvcp_win.dll
0x00007fff45540000 - 0x00007fff457da000 	C:\Windows\WinSxS\amd64_microsoft.windows.common-controls_6595b64144ccf1df_6.0.19041.1110_none_60b5254171f9507e\COMCTL32.dll
0x00007fff59150000 - 0x00007fff591ee000 	C:\Windows\System32\msvcrt.dll
0x00007fff599e0000 - 0x00007fff59a10000 	C:\Windows\System32\IMM32.DLL
0x00007fff3d6d0000 - 0x00007fff3d8d2000 	C:\Windows\system32\tmumh\20019\AddOn\8.53.0.1128\TmUmEvt64.dll
0x00007fff582a0000 - 0x00007fff582a8000 	C:\Windows\System32\PSAPI.DLL
0x00007fff58f90000 - 0x00007fff5903c000 	C:\Windows\System32\ADVAPI32.dll
0x00007fff59040000 - 0x00007fff590db000 	C:\Windows\System32\sechost.dll
0x00007fff59200000 - 0x00007fff5932a000 	C:\Windows\System32\RPCRT4.dll
0x0000000073880000 - 0x00000000739f0000 	C:\Windows\system32\tmumh\20019\TmMon\2.8.0.1054\tmmon64.dll
0x00007fff32a70000 - 0x00007fff32a7c000 	C:\Users\96084\.p2\pool\plugins\org.eclipse.justj.openjdk.hotspot.jre.full.win32.x86_64_17.0.2.v20220201-1208\jre\bin\vcruntime140_1.dll
0x00007fff2ddd0000 - 0x00007fff2de61000 	C:\Users\96084\.p2\pool\plugins\org.eclipse.justj.openjdk.hotspot.jre.full.win32.x86_64_17.0.2.v20220201-1208\jre\bin\msvcp140.dll
0x00007ffec9680000 - 0x00007ffeca2c7000 	C:\Users\96084\.p2\pool\plugins\org.eclipse.justj.openjdk.hotspot.jre.full.win32.x86_64_17.0.2.v20220201-1208\jre\bin\server\jvm.dll
0x00007fff34d10000 - 0x00007fff34d19000 	C:\Windows\SYSTEM32\WSOCK32.dll
0x000001ff48d00000 - 0x000001ff48d6b000 	C:\Windows\System32\WS2_32.dll
0x00007fff35270000 - 0x00007fff35297000 	C:\Windows\SYSTEM32\WINMM.dll
0x00007fff49190000 - 0x00007fff4919a000 	C:\Windows\SYSTEM32\VERSION.dll
0x00007fff55990000 - 0x00007fff559a2000 	C:\Windows\SYSTEM32\kernel.appcore.dll
0x00007fff33f10000 - 0x00007fff33f1a000 	C:\Users\96084\.p2\pool\plugins\org.eclipse.justj.openjdk.hotspot.jre.full.win32.x86_64_17.0.2.v20220201-1208\jre\bin\jimage.dll
0x00007fff54be0000 - 0x00007fff54dc4000 	C:\Windows\SYSTEM32\DBGHELP.DLL
0x00007fff3b7d0000 - 0x00007fff3b7fc000 	C:\Windows\SYSTEM32\dbgcore.DLL
0x00007fff57160000 - 0x00007fff571e3000 	C:\Windows\System32\bcryptPrimitives.dll
0x00007fff2de70000 - 0x00007fff2de95000 	C:\Users\96084\.p2\pool\plugins\org.eclipse.justj.openjdk.hotspot.jre.full.win32.x86_64_17.0.2.v20220201-1208\jre\bin\java.dll

dbghelp: loaded successfully - version: 4.0.5 - missing functions: none
symbol engine: initialized successfully - sym options: 0x614 - pdb path: .;C:\Users\96084\.p2\pool\plugins\org.eclipse.justj.openjdk.hotspot.jre.full.win32.x86_64_17.0.2.v20220201-1208\jre\bin;C:\Windows\SYSTEM32;C:\Windows\WinSxS\amd64_microsoft.windows.common-controls_6595b64144ccf1df_6.0.19041.1110_none_60b5254171f9507e;C:\Windows\system32\tmumh\20019\AddOn\8.53.0.1128;C:\Windows\system32\tmumh\20019\TmMon\2.8.0.1054;C:\Users\96084\.p2\pool\plugins\org.eclipse.justj.openjdk.hotspot.jre.full.win32.x86_64_17.0.2.v20220201-1208\jre\bin\server

VM Arguments:
jvm_args: -Dfile.encoding=Cp1252 --module-path=C:\Users\96084\Desktop\POO\jogo da velha\bin -XX:+ShowCodeDetailsInExceptionMessages -Djdk.module.main=trabalho 
java_command: trabalho/uninter.Jogo
java_class_path (initial): <not set>
Launcher Type: SUN_STANDARD

[Global flags]
     intx CICompilerCount                          = 4                                         {product} {ergonomic}
     uint ConcGCThreads                            = 2                                         {product} {ergonomic}
     uint G1ConcRefinementThreads                  = 8                                         {product} {ergonomic}
   size_t G1HeapRegionSize                         = 2097152                                   {product} {ergonomic}
    uintx GCDrainStackTargetSize                   = 64                                        {product} {ergonomic}
   size_t InitialHeapSize                          = 260046848                                 {product} {ergonomic}
   size_t MarkStackSize                            = 4194304                                   {product} {ergonomic}
   size_t MaxHeapSize                              = 4133486592                                {product} {ergonomic}
   size_t MinHeapDeltaBytes                        = 2097152                                   {product} {ergonomic}
   size_t MinHeapSize                              = 8388608                                   {product} {ergonomic}
    uintx NonNMethodCodeHeapSize                   = 5839372                                {pd product} {ergonomic}
    uintx NonProfiledCodeHeapSize                  = 122909434                              {pd product} {ergonomic}
    uintx ProfiledCodeHeapSize                     = 122909434                              {pd product} {ergonomic}
    uintx ReservedCodeCacheSize                    = 251658240                              {pd product} {ergonomic}
     bool SegmentedCodeCache                       = true                                      {product} {ergonomic}
     bool ShowCodeDetailsInExceptionMessages       = true                                   {manageable} {command line}
   size_t SoftMaxHeapSize                          = 4133486592                             {manageable} {ergonomic}
     bool UseCompressedClassPointers               = true                           {product lp64_product} {ergonomic}
     bool UseCompressedOops                        = true                           {product lp64_product} {ergonomic}
     bool UseG1GC                                  = true                                      {product} {ergonomic}
     bool UseLargePagesIndividualAllocation        = false                                  {pd product} {ergonomic}

Logging:
Log output configuration:
 #0: stdout all=warning uptime,level,tags
 #1: stderr all=off uptime,level,tags

Environment Variables:
JAVA_HOME=C:\Program Files\Java\jdk1.8.0_202
PATH=C:/Users/96084/.p2/pool/plugins/org.eclipse.justj.openjdk.hotspot.jre.full.win32.x86_64_17.0.2.v20220201-1208/jre/bin/server;C:/Users/96084/.p2/pool/plugins/org.eclipse.justj.openjdk.hotspot.jre.full.win32.x86_64_17.0.2.v20220201-1208/jre/bin;C:\Program Files (x86)\Common Files\Oracle\Java\javapath;C:\Windows\system32;C:\Windows;C:\Windows\System32\Wbem;C:\Windows\System32\WindowsPowerShell\v1.0\;C:\Windows\System32\OpenSSH\;C:\Program Files (x86)\PuTTY\;C:\src\flutter\bin;C:\Program Files\Java\jdk1.8.0_202\bin;C:\Program Files\Android\Android Studio\bin;C:\Program Files\Git\cmd;C:\Users\96084\AppData\Roaming\nvm;C:\Program Files\nodejs;C:\Users\96084\AppData\Local\Android\Sdk\platform-tools;C:\Program Files\kotlinc\bin;C:\ProgramData\chocolatey\bin;C:\Program Files\dotnet\;C:\Program Files\MySQL\MySQL Shell 8.0\bin\;C:\Users\96084\AppData\Local\Microsoft\WindowsApps;C:\Users\96084\AppData\Local\Programs\Microsoft VS Code\bin;C:\Users\96084\AppData\Roaming\nvm;C:\Program Files\nodejs;C:\Users\96084\AppData\Local\Google\Cloud SDK\google-cloud-sdk\bin;C:\Windows\system32;
USERNAME=96084
OS=Windows_NT
PROCESSOR_IDENTIFIER=Intel64 Family 6 Model 140 Stepping 1, GenuineIntel



---------------  S Y S T E M  ---------------

OS:
 Windows 10 , 64 bit Build 19041 (10.0.19041.1348)
OS uptime: 0 days 21:02 hours
Hyper-V role detected

CPU: total 8 (initial active 8) (4 cores per cpu, 2 threads per core) family 6 model 140 stepping 1 microcode 0x86, cx8, cmov, fxsr, ht, mmx, 3dnowpref, sse, sse2, sse3, ssse3, sse4.1, sse4.2, popcnt, lzcnt, tsc, tscinvbit, avx, avx2, aes, erms, clmul, bmi1, bmi2, adx, avx512f, avx512dq, avx512cd, avx512bw, avx512vl, sha, fma, vzeroupper, avx512_vpopcntdq, avx512_vpclmulqdq, avx512_vaes, avx512_vnni, clflush, clflushopt, clwb, avx512_vbmi2, avx512_vbmi, hv

Memory: 4k page, system-wide physical 15761M (5284M free)
TotalPageFile size 46047M (AvailPageFile size 154M)
current process WorkingSet (physical memory assigned to process): 14M, peak: 14M
current process commit charge ("private bytes"): 63M, peak: 311M

vm_info: OpenJDK 64-Bit Server VM (17.0.2+8) for windows-amd64 JRE (17.0.2+8), built on Jan 20 2022 04:52:34 by "" with MS VC++ 16.7 (VS2019)

END.
